<?xml version="1.0" encoding="UTF-8"?>
<!-- Generated by org.testng.reporters.JUnitXMLReporter -->
<testsuite ignored="0" hostname="LAPTOP-G1RVVOU2" failures="1" tests="5" name="Test1" time="0.15" errors="0" timestamp="2023-04-03T15:42:40 IST">
  <testcase classname="TestCases.TestCase1" name="doUserRegistration" time="0.012"/>
  <testcase classname="TestCases.TestCase1" name="doLogin" time="0.026">
    <skipped/>
  </testcase> <!-- doLogin -->
  <testcase classname="TestCases.TestCase1" name="doLogin" time="0.002">
    <skipped/>
  </testcase> <!-- doLogin -->
  <testcase classname="TestCases.TestCase1" name="doLogin" time="0.002">
    <failure type="java.lang.AssertionError" message="The following asserts failed:
	expected [false] but found [true],
	expected [true] but found [false]">
      <![CDATA[java.lang.AssertionError: The following asserts failed:
expected [false] but found [true],
expected [true] but found [false]
at TestCases.TestCase1.doLogin(TestCase1.java:45)
at java.base/java.util.ArrayList.forEach(ArrayList.java:1511)
... Removed 29 stack frames]]>
    </failure>
  </testcase> <!-- doLogin -->
  <testcase classname="TestCases.TestCase1" name="doBasicTest" time="0.004"/>
</testsuite> <!-- Test1 -->
